[debug] [2023-07-19T07:31:28.791Z] ----------------------------------------------------------------------
[debug] [2023-07-19T07:31:28.793Z] Command:       C:\Program Files\nodejs\node.exe C:\Users\DELL\AppData\Roaming\npm\node_modules\firebase-tools\lib\bin\firebase.js emulators:start
[debug] [2023-07-19T07:31:28.793Z] CLI Version:   11.29.1
[debug] [2023-07-19T07:31:28.793Z] Platform:      win32
[debug] [2023-07-19T07:31:28.793Z] Node Version:  v18.12.1
[debug] [2023-07-19T07:31:28.794Z] Time:          Wed Jul 19 2023 13:01:28 GMT+0530 (India Standard Time)
[debug] [2023-07-19T07:31:28.795Z] ----------------------------------------------------------------------
[debug] 
[debug] [2023-07-19T07:31:29.002Z] > command requires scopes: ["email","openid","https://www.googleapis.com/auth/cloudplatformprojects.readonly","https://www.googleapis.com/auth/firebase","https://www.googleapis.com/auth/cloud-platform"]
[debug] [2023-07-19T07:31:29.003Z] > authorizing via signed-in user (jainshreyansh233@gmail.com)
[info] i  emulators: Starting emulators: functions, hosting {"metadata":{"emulator":{"name":"hub"},"message":"Starting emulators: functions, hosting"}}
[debug] [2023-07-19T07:31:29.023Z] [logging] Logging Emulator only supports listening on one address (127.0.0.1). Not listening on ::1
[debug] [2023-07-19T07:31:29.023Z] [hosting] Hosting Emulator only supports listening on one address (127.0.0.1). Not listening on ::1
[debug] [2023-07-19T07:31:29.023Z] assigned listening specs for emulators {"user":{"hub":[{"address":"127.0.0.1","family":"IPv4","port":4400},{"address":"::1","family":"IPv6","port":4400}],"ui":[{"address":"127.0.0.1","family":"IPv4","port":4000},{"address":"::1","family":"IPv6","port":4000}],"logging":[{"address":"127.0.0.1","family":"IPv4","port":4500}],"hosting":[{"address":"127.0.0.1","family":"IPv4","port":5000}]},"metadata":{"message":"assigned listening specs for emulators"}}
[debug] [2023-07-19T07:31:29.038Z] [hub] writing locator at C:\Users\DELL\AppData\Local\Temp\hub-clone-5f724.json
[debug] [2023-07-19T07:31:29.058Z] [functions] Functions Emulator only supports listening on one address (127.0.0.1). Not listening on ::1
[debug] [2023-07-19T07:31:29.058Z] [eventarc] Eventarc Emulator only supports listening on one address (127.0.0.1). Not listening on ::1
[debug] [2023-07-19T07:31:29.058Z] late-assigned ports for functions and eventarc emulators {"user":{"hub":[{"address":"127.0.0.1","family":"IPv4","port":4400},{"address":"::1","family":"IPv6","port":4400}],"ui":[{"address":"127.0.0.1","family":"IPv4","port":4000},{"address":"::1","family":"IPv6","port":4000}],"logging":[{"address":"127.0.0.1","family":"IPv4","port":4500}],"hosting":[{"address":"127.0.0.1","family":"IPv4","port":5000}],"functions":[{"address":"127.0.0.1","family":"IPv4","port":5001}],"eventarc":[{"address":"127.0.0.1","family":"IPv4","port":9299}]},"metadata":{"message":"late-assigned ports for functions and eventarc emulators"}}
[warn] !  functions: The following emulators are not running, calls to these services from the Functions emulator will affect production: auth, firestore, database, pubsub, storage {"metadata":{"emulator":{"name":"functions"},"message":"The following emulators are not running, calls to these services from the Functions emulator will affect production: \u001b[1mauth, firestore, database, pubsub, storage\u001b[22m"}}
[debug] [2023-07-19T07:31:29.091Z] defaultcredentials: writing to file C:\Users\DELL\AppData\Roaming\firebase\jainshreyansh233_gmail_com_application_default_credentials.json
[debug] [2023-07-19T07:31:29.124Z] Setting GAC to C:\Users\DELL\AppData\Roaming\firebase\jainshreyansh233_gmail_com_application_default_credentials.json {"metadata":{"emulator":{"name":"functions"},"message":"Setting GAC to C:\\Users\\DELL\\AppData\\Roaming\\firebase\\jainshreyansh233_gmail_com_application_default_credentials.json"}}
[debug] [2023-07-19T07:31:29.126Z] > refreshing access token with scopes: []
[debug] [2023-07-19T07:31:29.128Z] >>> [apiv2][query] POST https://www.googleapis.com/oauth2/v3/token [none]
[debug] [2023-07-19T07:31:29.128Z] >>> [apiv2][body] POST https://www.googleapis.com/oauth2/v3/token [omitted]
[debug] [2023-07-19T07:31:29.508Z] <<< [apiv2][status] POST https://www.googleapis.com/oauth2/v3/token 200
[debug] [2023-07-19T07:31:29.508Z] <<< [apiv2][body] POST https://www.googleapis.com/oauth2/v3/token [omitted]
[debug] [2023-07-19T07:31:29.547Z] >>> [apiv2][query] GET https://firebase.googleapis.com/v1beta1/projects/clone-5f724/adminSdkConfig [none]
[debug] [2023-07-19T07:31:30.092Z] <<< [apiv2][status] GET https://firebase.googleapis.com/v1beta1/projects/clone-5f724/adminSdkConfig 200
[debug] [2023-07-19T07:31:30.092Z] <<< [apiv2][body] GET https://firebase.googleapis.com/v1beta1/projects/clone-5f724/adminSdkConfig {"projectId":"clone-5f724","storageBucket":"clone-5f724.appspot.com"}
[debug] [2023-07-19T07:31:30.137Z] >>> [apiv2][query] GET https://firebasehosting.googleapis.com/v1beta1/projects/clone-5f724/sites 
[debug] [2023-07-19T07:31:31.629Z] <<< [apiv2][status] GET https://firebasehosting.googleapis.com/v1beta1/projects/clone-5f724/sites 200
[debug] [2023-07-19T07:31:31.630Z] <<< [apiv2][body] GET https://firebasehosting.googleapis.com/v1beta1/projects/clone-5f724/sites {"sites":[{"name":"projects/clone-5f724/sites/clone-5f724","defaultUrl":"https://clone-5f724.web.app","appId":"1:978950193264:web:62621d8e86ae951697f4b5","type":"DEFAULT_SITE"}]}
[debug] [2023-07-19T07:31:31.630Z] >>> [apiv2][query] GET https://firebase.googleapis.com/v1beta1/projects/clone-5f724/webApps/1:978950193264:web:62621d8e86ae951697f4b5/config [none]
[debug] [2023-07-19T07:31:32.959Z] <<< [apiv2][status] GET https://firebase.googleapis.com/v1beta1/projects/clone-5f724/webApps/1:978950193264:web:62621d8e86ae951697f4b5/config 200
[debug] [2023-07-19T07:31:32.960Z] <<< [apiv2][body] GET https://firebase.googleapis.com/v1beta1/projects/clone-5f724/webApps/1:978950193264:web:62621d8e86ae951697f4b5/config {"projectId":"clone-5f724","appId":"1:978950193264:web:62621d8e86ae951697f4b5","storageBucket":"clone-5f724.appspot.com","apiKey":"AIzaSyDFAmuIK5IrAyvKs-w_2l9dL9TFBwJtZqI","authDomain":"clone-5f724.firebaseapp.com","messagingSenderId":"978950193264","measurementId":"G-SN4JKVM5YN"}
[debug] [2023-07-19T07:31:33.072Z] >>> [apiv2][query] GET https://firebase.googleapis.com/v1beta1/projects/clone-5f724 [none]
[debug] [2023-07-19T07:31:33.494Z] <<< [apiv2][status] GET https://firebase.googleapis.com/v1beta1/projects/clone-5f724 200
[debug] [2023-07-19T07:31:33.494Z] <<< [apiv2][body] GET https://firebase.googleapis.com/v1beta1/projects/clone-5f724 {"projectId":"clone-5f724","projectNumber":"978950193264","displayName":"amazon-clone","name":"projects/clone-5f724","resources":{"hostingSite":"clone-5f724"},"state":"ACTIVE","etag":"1_a78eaef1-1f83-4792-ba79-31970863eac4"}
[info] i  hosting[clone-5f724]: Serving hosting files from: build {"metadata":{"emulator":{"name":"hosting"},"message":"Serving hosting files from: \u001b[1mbuild\u001b[22m"}}
[info] +  hosting[clone-5f724]: Local server: http://127.0.0.1:5000 {"metadata":{"emulator":{"name":"hosting"},"message":"Local server: \u001b[4m\u001b[1mhttp://127.0.0.1:5000\u001b[22m\u001b[24m"}}
[debug] [2023-07-19T07:31:33.757Z] Ignoring unsupported arg: auto_download {"metadata":{"emulator":{"name":"ui"},"message":"Ignoring unsupported arg: auto_download"}}
[debug] [2023-07-19T07:31:33.757Z] Ignoring unsupported arg: port {"metadata":{"emulator":{"name":"ui"},"message":"Ignoring unsupported arg: port"}}
[debug] [2023-07-19T07:31:33.757Z] Starting Emulator UI with command {"binary":"node","args":["C:\\Users\\DELL\\.cache\\firebase\\emulators\\ui-v1.11.5\\server\\server.js"],"optionalArgs":[],"joinArgs":false} {"metadata":{"emulator":{"name":"ui"},"message":"Starting Emulator UI with command {\"binary\":\"node\",\"args\":[\"C:\\\\Users\\\\DELL\\\\.cache\\\\firebase\\\\emulators\\\\ui-v1.11.5\\\\server\\\\server.js\"],\"optionalArgs\":[],\"joinArgs\":false}"}}
[info] i  ui: Emulator UI logging to ui-debug.log {"metadata":{"emulator":{"name":"ui"},"message":"Emulator UI logging to \u001b[1mui-debug.log\u001b[22m"}}
[debug] [2023-07-19T07:31:34.014Z] Web / API server started at 127.0.0.1:4000
 {"metadata":{"emulator":{"name":"ui"},"message":"Web / API server started at 127.0.0.1:4000\n"}}
[debug] [2023-07-19T07:31:34.015Z] Web / API server started at ::1:4000
 {"metadata":{"emulator":{"name":"ui"},"message":"Web / API server started at ::1:4000\n"}}
[info] i  functions: Watching "C:\Users\DELL\Desktop\WebD\amazon-clone\functions" for Cloud Functions... {"metadata":{"emulator":{"name":"functions"},"message":"Watching \"C:\\Users\\DELL\\Desktop\\WebD\\amazon-clone\\functions\" for Cloud Functions..."}}
[debug] [2023-07-19T07:31:34.066Z] Validating nodejs source
[debug] [2023-07-19T07:31:36.338Z] > [functions] package.json contents: {
  "name": "functions",
  "description": "Cloud Functions for Firebase",
  "scripts": {
    "lint": "eslint .",
    "serve": "firebase emulators:start --only functions",
    "shell": "firebase functions:shell",
    "start": "npm run shell",
    "deploy": "firebase deploy --only functions",
    "logs": "firebase functions:log"
  },
  "engines": {
    "node": "18"
  },
  "main": "index.js",
  "dependencies": {
    "cores": "^0.8.5",
    "cors": "^2.8.5",
    "express": "^4.18.2",
    "firebase-admin": "^11.8.0",
    "firebase-functions": "^4.4.1",
    "stripe": "^12.13.0"
  },
  "devDependencies": {
    "eslint": "^8.15.0",
    "eslint-config-google": "^0.14.0",
    "firebase-functions-test": "^3.1.0"
  },
  "private": true
}
[debug] [2023-07-19T07:31:36.339Z] Building nodejs source
[debug] [2023-07-19T07:31:36.339Z] Failed to find version of module node: reached end of search path C:\Users\DELL\Desktop\WebD\amazon-clone\functions\node_modules
[info] +  functions: Using node@18 from host. 
[debug] [2023-07-19T07:31:36.344Z] Could not find functions.yaml. Must use http discovery
[debug] [2023-07-19T07:31:36.408Z] Found firebase-functions binary at 'C:\Users\DELL\Desktop\WebD\amazon-clone\functions\node_modules\.bin\firebase-functions'
[debug] [2023-07-19T07:31:40.255Z] Serving at port 8039

[debug] [2023-07-19T07:31:55.209Z] Got response from /__/functions.yaml {"endpoints":{"api":{"platform":"gcfv1","availableMemoryMb":null,"timeoutSeconds":null,"minInstances":null,"maxInstances":null,"ingressSettings":null,"serviceAccountEmail":null,"vpc":null,"httpsTrigger":{},"entryPoint":"api"}},"specVersion":"v1alpha1","requiredAPIs":[]}
[debug] [2023-07-19T07:31:55.224Z] shutdown requested via /__/quitquitquit

[info] +  functions: Loaded functions definitions from source: api. {"metadata":{"emulator":{"name":"functions"},"message":"Loaded functions definitions from source: api."}}
[info] +  functions[us-central1-api]: http function initialized (http://127.0.0.1:5001/clone-5f724/us-central1/api). {"metadata":{"emulator":{"name":"functions"},"message":"\u001b[1mhttp\u001b[22m function initialized (http://127.0.0.1:5001/clone-5f724/us-central1/api)."}}
[info] 
┌─────────────────────────────────────────────────────────────┐
│ ✔  All emulators ready! It is now safe to connect your app. │
│ i  View Emulator UI at http://127.0.0.1:4000/               │
└─────────────────────────────────────────────────────────────┘

┌───────────┬────────────────┬─────────────────────────────────┐
│ Emulator  │ Host:Port      │ View in Emulator UI             │
├───────────┼────────────────┼─────────────────────────────────┤
│ Functions │ 127.0.0.1:5001 │ http://127.0.0.1:4000/functions │
├───────────┼────────────────┼─────────────────────────────────┤
│ Hosting   │ 127.0.0.1:5000 │ n/a                             │
└───────────┴────────────────┴─────────────────────────────────┘
  Emulator Hub running at 127.0.0.1:4400
  Other reserved ports: 4500

Issues? Report them at https://github.com/firebase/firebase-tools/issues and attach the *-debug.log files.
 
[debug] [2023-07-19T07:32:47.022Z] [work-queue] {"queuedWork":["/clone-5f724/us-central1/api/payments/create-2023-07-19T07:32:47.022Z"],"queueLength":1,"runningWork":[],"workRunningCount":0}
[debug] [2023-07-19T07:32:47.023Z] [work-queue] {"queuedWork":[],"queueLength":0,"runningWork":["/clone-5f724/us-central1/api/payments/create-2023-07-19T07:32:47.022Z"],"workRunningCount":1}
[debug] [2023-07-19T07:32:47.024Z] Accepted request POST /clone-5f724/us-central1/api/payments/create?total=709700 --> us-central1-api
[debug] [2023-07-19T07:32:47.030Z] [functions] Runtime ready! Sending request! {"metadata":{"emulator":{"name":"functions"},"message":"[functions] Runtime ready! Sending request!"}}
[debug] [2023-07-19T07:32:47.030Z] [functions] Got req.url=/clone-5f724/us-central1/api/payments/create?total=709700, mapping to path=/payments/create?total=709700 {"metadata":{"emulator":{"name":"functions"},"message":"[functions] Got req.url=/clone-5f724/us-central1/api/payments/create?total=709700, mapping to path=/payments/create?total=709700"}}
[debug] [2023-07-19T07:32:48.065Z] [worker-pool] addWorker(us-central1-api) {"metadata":{"emulator":{"name":"functions"},"message":"[worker-pool] addWorker(us-central1-api)"}}
[debug] [2023-07-19T07:32:48.199Z] [worker-pool] Adding worker with key us-central1-api, total=1 {"metadata":{"emulator":{"name":"functions"},"message":"[worker-pool] Adding worker with key us-central1-api, total=1"}}
[debug] [2023-07-19T07:32:48.203Z] [work-queue] {"queuedWork":["/clone-5f724/us-central1/api/payments/create-2023-07-19T07:32:48.203Z"],"queueLength":1,"runningWork":["/clone-5f724/us-central1/api/payments/create-2023-07-19T07:32:47.022Z"],"workRunningCount":1}
[debug] [2023-07-19T07:32:48.203Z] [work-queue] {"queuedWork":[],"queueLength":0,"runningWork":["/clone-5f724/us-central1/api/payments/create-2023-07-19T07:32:47.022Z","/clone-5f724/us-central1/api/payments/create-2023-07-19T07:32:48.203Z"],"workRunningCount":2}
[debug] [2023-07-19T07:32:48.203Z] Accepted request POST /clone-5f724/us-central1/api/payments/create?total=709700 --> us-central1-api
[debug] [2023-07-19T07:32:48.209Z] [functions] Runtime ready! Sending request! {"metadata":{"emulator":{"name":"functions"},"message":"[functions] Runtime ready! Sending request!"}}
[debug] [2023-07-19T07:32:48.209Z] [functions] Got req.url=/clone-5f724/us-central1/api/payments/create?total=709700, mapping to path=/payments/create?total=709700 {"metadata":{"emulator":{"name":"functions"},"message":"[functions] Got req.url=/clone-5f724/us-central1/api/payments/create?total=709700, mapping to path=/payments/create?total=709700"}}
[debug] [2023-07-19T07:32:48.342Z] [worker-pool] addWorker(us-central1-api) {"metadata":{"emulator":{"name":"functions"},"message":"[worker-pool] addWorker(us-central1-api)"}}
[debug] [2023-07-19T07:32:48.343Z] [worker-pool] Adding worker with key us-central1-api, total=2 {"metadata":{"emulator":{"name":"functions"},"message":"[worker-pool] Adding worker with key us-central1-api, total=2"}}
[debug] [2023-07-19T07:32:50.485Z] [runtime-status] [1032] Resolved module firebase-admin {"declared":true,"installed":true,"version":"11.10.1","resolution":"C:\\Users\\DELL\\Desktop\\WebD\\amazon-clone\\functions\\node_modules\\firebase-admin\\lib\\index.js"} {"metadata":{"emulator":{"name":"functions"},"function":{"name":"us-central1-api"},"extension":{},"message":"[runtime-status] [1032] Resolved module firebase-admin {\"declared\":true,\"installed\":true,\"version\":\"11.10.1\",\"resolution\":\"C:\\\\Users\\\\DELL\\\\Desktop\\\\WebD\\\\amazon-clone\\\\functions\\\\node_modules\\\\firebase-admin\\\\lib\\\\index.js\"}"}}
[debug] [2023-07-19T07:32:50.486Z] [runtime-status] [1752] Resolved module firebase-admin {"declared":true,"installed":true,"version":"11.10.1","resolution":"C:\\Users\\DELL\\Desktop\\WebD\\amazon-clone\\functions\\node_modules\\firebase-admin\\lib\\index.js"} {"metadata":{"emulator":{"name":"functions"},"function":{"name":"us-central1-api"},"extension":{},"message":"[runtime-status] [1752] Resolved module firebase-admin {\"declared\":true,\"installed\":true,\"version\":\"11.10.1\",\"resolution\":\"C:\\\\Users\\\\DELL\\\\Desktop\\\\WebD\\\\amazon-clone\\\\functions\\\\node_modules\\\\firebase-admin\\\\lib\\\\index.js\"}"}}
[debug] [2023-07-19T07:32:50.487Z] [runtime-status] [1752] Resolved module firebase-functions {"declared":true,"installed":true,"version":"4.4.1","resolution":"C:\\Users\\DELL\\Desktop\\WebD\\amazon-clone\\functions\\node_modules\\firebase-functions\\lib\\v1\\index.js"} {"metadata":{"emulator":{"name":"functions"},"function":{"name":"us-central1-api"},"extension":{},"message":"[runtime-status] [1752] Resolved module firebase-functions {\"declared\":true,\"installed\":true,\"version\":\"4.4.1\",\"resolution\":\"C:\\\\Users\\\\DELL\\\\Desktop\\\\WebD\\\\amazon-clone\\\\functions\\\\node_modules\\\\firebase-functions\\\\lib\\\\v1\\\\index.js\"}"}}
[debug] [2023-07-19T07:32:50.487Z] [runtime-status] [1032] Resolved module firebase-functions {"declared":true,"installed":true,"version":"4.4.1","resolution":"C:\\Users\\DELL\\Desktop\\WebD\\amazon-clone\\functions\\node_modules\\firebase-functions\\lib\\v1\\index.js"} {"metadata":{"emulator":{"name":"functions"},"function":{"name":"us-central1-api"},"extension":{},"message":"[runtime-status] [1032] Resolved module firebase-functions {\"declared\":true,\"installed\":true,\"version\":\"4.4.1\",\"resolution\":\"C:\\\\Users\\\\DELL\\\\Desktop\\\\WebD\\\\amazon-clone\\\\functions\\\\node_modules\\\\firebase-functions\\\\lib\\\\v1\\\\index.js\"}"}}
[debug] [2023-07-19T07:32:50.487Z] [runtime-status] [1752] Outgoing network have been stubbed. [{"name":"http","status":"mocked"},{"name":"http","status":"mocked"},{"name":"https","status":"mocked"},{"name":"https","status":"mocked"},{"name":"net","status":"mocked"}] {"metadata":{"emulator":{"name":"functions"},"function":{"name":"us-central1-api"},"extension":{},"message":"[runtime-status] [1752] Outgoing network have been stubbed. [{\"name\":\"http\",\"status\":\"mocked\"},{\"name\":\"http\",\"status\":\"mocked\"},{\"name\":\"https\",\"status\":\"mocked\"},{\"name\":\"https\",\"status\":\"mocked\"},{\"name\":\"net\",\"status\":\"mocked\"}]"}}
[debug] [2023-07-19T07:32:50.488Z] [runtime-status] [1032] Outgoing network have been stubbed. [{"name":"http","status":"mocked"},{"name":"http","status":"mocked"},{"name":"https","status":"mocked"},{"name":"https","status":"mocked"},{"name":"net","status":"mocked"}] {"metadata":{"emulator":{"name":"functions"},"function":{"name":"us-central1-api"},"extension":{},"message":"[runtime-status] [1032] Outgoing network have been stubbed. [{\"name\":\"http\",\"status\":\"mocked\"},{\"name\":\"http\",\"status\":\"mocked\"},{\"name\":\"https\",\"status\":\"mocked\"},{\"name\":\"https\",\"status\":\"mocked\"},{\"name\":\"net\",\"status\":\"mocked\"}]"}}
[debug] [2023-07-19T07:32:50.489Z] [runtime-status] [1752] Resolved module firebase-functions {"declared":true,"installed":true,"version":"4.4.1","resolution":"C:\\Users\\DELL\\Desktop\\WebD\\amazon-clone\\functions\\node_modules\\firebase-functions\\lib\\v1\\index.js"} {"metadata":{"emulator":{"name":"functions"},"function":{"name":"us-central1-api"},"extension":{},"message":"[runtime-status] [1752] Resolved module firebase-functions {\"declared\":true,\"installed\":true,\"version\":\"4.4.1\",\"resolution\":\"C:\\\\Users\\\\DELL\\\\Desktop\\\\WebD\\\\amazon-clone\\\\functions\\\\node_modules\\\\firebase-functions\\\\lib\\\\v1\\\\index.js\"}"}}
[debug] [2023-07-19T07:32:50.490Z] [runtime-status] [1032] Resolved module firebase-functions {"declared":true,"installed":true,"version":"4.4.1","resolution":"C:\\Users\\DELL\\Desktop\\WebD\\amazon-clone\\functions\\node_modules\\firebase-functions\\lib\\v1\\index.js"} {"metadata":{"emulator":{"name":"functions"},"function":{"name":"us-central1-api"},"extension":{},"message":"[runtime-status] [1032] Resolved module firebase-functions {\"declared\":true,\"installed\":true,\"version\":\"4.4.1\",\"resolution\":\"C:\\\\Users\\\\DELL\\\\Desktop\\\\WebD\\\\amazon-clone\\\\functions\\\\node_modules\\\\firebase-functions\\\\lib\\\\v1\\\\index.js\"}"}}
[debug] [2023-07-19T07:32:50.872Z] [runtime-status] [1752] Checked functions.config() {"config":{}} {"metadata":{"emulator":{"name":"functions"},"function":{"name":"us-central1-api"},"extension":{},"message":"[runtime-status] [1752] Checked functions.config() {\"config\":{}}"}}
[debug] [2023-07-19T07:32:50.873Z] [runtime-status] [1752] firebase-functions has been stubbed. {"functionsResolution":{"declared":true,"installed":true,"version":"4.4.1","resolution":"C:\\Users\\DELL\\Desktop\\WebD\\amazon-clone\\functions\\node_modules\\firebase-functions\\lib\\v1\\index.js"}} {"metadata":{"emulator":{"name":"functions"},"function":{"name":"us-central1-api"},"extension":{},"message":"[runtime-status] [1752] firebase-functions has been stubbed. {\"functionsResolution\":{\"declared\":true,\"installed\":true,\"version\":\"4.4.1\",\"resolution\":\"C:\\\\Users\\\\DELL\\\\Desktop\\\\WebD\\\\amazon-clone\\\\functions\\\\node_modules\\\\firebase-functions\\\\lib\\\\v1\\\\index.js\"}}"}}
[debug] [2023-07-19T07:32:50.875Z] [runtime-status] [1752] Resolved module firebase-functions {"declared":true,"installed":true,"version":"4.4.1","resolution":"C:\\Users\\DELL\\Desktop\\WebD\\amazon-clone\\functions\\node_modules\\firebase-functions\\lib\\v1\\index.js"} {"metadata":{"emulator":{"name":"functions"},"function":{"name":"us-central1-api"},"extension":{},"message":"[runtime-status] [1752] Resolved module firebase-functions {\"declared\":true,\"installed\":true,\"version\":\"4.4.1\",\"resolution\":\"C:\\\\Users\\\\DELL\\\\Desktop\\\\WebD\\\\amazon-clone\\\\functions\\\\node_modules\\\\firebase-functions\\\\lib\\\\v1\\\\index.js\"}"}}
[debug] [2023-07-19T07:32:50.876Z] [runtime-status] [1752] Resolved module firebase-admin {"declared":true,"installed":true,"version":"11.10.1","resolution":"C:\\Users\\DELL\\Desktop\\WebD\\amazon-clone\\functions\\node_modules\\firebase-admin\\lib\\index.js"} {"metadata":{"emulator":{"name":"functions"},"function":{"name":"us-central1-api"},"extension":{},"message":"[runtime-status] [1752] Resolved module firebase-admin {\"declared\":true,\"installed\":true,\"version\":\"11.10.1\",\"resolution\":\"C:\\\\Users\\\\DELL\\\\Desktop\\\\WebD\\\\amazon-clone\\\\functions\\\\node_modules\\\\firebase-admin\\\\lib\\\\index.js\"}"}}
[debug] [2023-07-19T07:32:50.881Z] [runtime-status] [1032] Checked functions.config() {"config":{}} {"metadata":{"emulator":{"name":"functions"},"function":{"name":"us-central1-api"},"extension":{},"message":"[runtime-status] [1032] Checked functions.config() {\"config\":{}}"}}
[debug] [2023-07-19T07:32:50.881Z] [runtime-status] [1032] firebase-functions has been stubbed. {"functionsResolution":{"declared":true,"installed":true,"version":"4.4.1","resolution":"C:\\Users\\DELL\\Desktop\\WebD\\amazon-clone\\functions\\node_modules\\firebase-functions\\lib\\v1\\index.js"}} {"metadata":{"emulator":{"name":"functions"},"function":{"name":"us-central1-api"},"extension":{},"message":"[runtime-status] [1032] firebase-functions has been stubbed. {\"functionsResolution\":{\"declared\":true,\"installed\":true,\"version\":\"4.4.1\",\"resolution\":\"C:\\\\Users\\\\DELL\\\\Desktop\\\\WebD\\\\amazon-clone\\\\functions\\\\node_modules\\\\firebase-functions\\\\lib\\\\v1\\\\index.js\"}}"}}
[debug] [2023-07-19T07:32:50.883Z] [runtime-status] [1032] Resolved module firebase-functions {"declared":true,"installed":true,"version":"4.4.1","resolution":"C:\\Users\\DELL\\Desktop\\WebD\\amazon-clone\\functions\\node_modules\\firebase-functions\\lib\\v1\\index.js"} {"metadata":{"emulator":{"name":"functions"},"function":{"name":"us-central1-api"},"extension":{},"message":"[runtime-status] [1032] Resolved module firebase-functions {\"declared\":true,\"installed\":true,\"version\":\"4.4.1\",\"resolution\":\"C:\\\\Users\\\\DELL\\\\Desktop\\\\WebD\\\\amazon-clone\\\\functions\\\\node_modules\\\\firebase-functions\\\\lib\\\\v1\\\\index.js\"}"}}
[debug] [2023-07-19T07:32:50.907Z] [runtime-status] [1032] Resolved module firebase-admin {"declared":true,"installed":true,"version":"11.10.1","resolution":"C:\\Users\\DELL\\Desktop\\WebD\\amazon-clone\\functions\\node_modules\\firebase-admin\\lib\\index.js"} {"metadata":{"emulator":{"name":"functions"},"function":{"name":"us-central1-api"},"extension":{},"message":"[runtime-status] [1032] Resolved module firebase-admin {\"declared\":true,\"installed\":true,\"version\":\"11.10.1\",\"resolution\":\"C:\\\\Users\\\\DELL\\\\Desktop\\\\WebD\\\\amazon-clone\\\\functions\\\\node_modules\\\\firebase-admin\\\\lib\\\\index.js\"}"}}
[debug] [2023-07-19T07:32:50.964Z] [runtime-status] [1752] Resolved module firebase-functions {"declared":true,"installed":true,"version":"4.4.1","resolution":"C:\\Users\\DELL\\Desktop\\WebD\\amazon-clone\\functions\\node_modules\\firebase-functions\\lib\\v1\\index.js"} {"metadata":{"emulator":{"name":"functions"},"function":{"name":"us-central1-api"},"extension":{},"message":"[runtime-status] [1752] Resolved module firebase-functions {\"declared\":true,\"installed\":true,\"version\":\"4.4.1\",\"resolution\":\"C:\\\\Users\\\\DELL\\\\Desktop\\\\WebD\\\\amazon-clone\\\\functions\\\\node_modules\\\\firebase-functions\\\\lib\\\\v1\\\\index.js\"}"}}
[debug] [2023-07-19T07:32:50.964Z] [runtime-status] [1032] Resolved module firebase-functions {"declared":true,"installed":true,"version":"4.4.1","resolution":"C:\\Users\\DELL\\Desktop\\WebD\\amazon-clone\\functions\\node_modules\\firebase-functions\\lib\\v1\\index.js"} {"metadata":{"emulator":{"name":"functions"},"function":{"name":"us-central1-api"},"extension":{},"message":"[runtime-status] [1032] Resolved module firebase-functions {\"declared\":true,\"installed\":true,\"version\":\"4.4.1\",\"resolution\":\"C:\\\\Users\\\\DELL\\\\Desktop\\\\WebD\\\\amazon-clone\\\\functions\\\\node_modules\\\\firebase-functions\\\\lib\\\\v1\\\\index.js\"}"}}
[debug] [2023-07-19T07:32:50.965Z] [runtime-status] [1032] firebase-admin has been stubbed. {"adminResolution":{"declared":true,"installed":true,"version":"11.10.1","resolution":"C:\\Users\\DELL\\Desktop\\WebD\\amazon-clone\\functions\\node_modules\\firebase-admin\\lib\\index.js"}} {"metadata":{"emulator":{"name":"functions"},"function":{"name":"us-central1-api"},"extension":{},"message":"[runtime-status] [1032] firebase-admin has been stubbed. {\"adminResolution\":{\"declared\":true,\"installed\":true,\"version\":\"11.10.1\",\"resolution\":\"C:\\\\Users\\\\DELL\\\\Desktop\\\\WebD\\\\amazon-clone\\\\functions\\\\node_modules\\\\firebase-admin\\\\lib\\\\index.js\"}}"}}
[debug] [2023-07-19T07:32:50.965Z] [runtime-status] [1752] firebase-admin has been stubbed. {"adminResolution":{"declared":true,"installed":true,"version":"11.10.1","resolution":"C:\\Users\\DELL\\Desktop\\WebD\\amazon-clone\\functions\\node_modules\\firebase-admin\\lib\\index.js"}} {"metadata":{"emulator":{"name":"functions"},"function":{"name":"us-central1-api"},"extension":{},"message":"[runtime-status] [1752] firebase-admin has been stubbed. {\"adminResolution\":{\"declared\":true,\"installed\":true,\"version\":\"11.10.1\",\"resolution\":\"C:\\\\Users\\\\DELL\\\\Desktop\\\\WebD\\\\amazon-clone\\\\functions\\\\node_modules\\\\firebase-admin\\\\lib\\\\index.js\"}}"}}
[debug] [2023-07-19T07:32:51.241Z] [runtime-status] [1752] Functions runtime initialized. {"cwd":"C:\\Users\\DELL\\Desktop\\WebD\\amazon-clone\\functions","node_version":"18.12.1"} {"metadata":{"emulator":{"name":"functions"},"function":{"name":"us-central1-api"},"extension":{},"message":"[runtime-status] [1752] Functions runtime initialized. {\"cwd\":\"C:\\\\Users\\\\DELL\\\\Desktop\\\\WebD\\\\amazon-clone\\\\functions\",\"node_version\":\"18.12.1\"}"}}
[debug] [2023-07-19T07:32:51.241Z] [runtime-status] [1752] Listening to port: \\?\pipe\fire_emu_6d8423ee1c3251cd {"metadata":{"emulator":{"name":"functions"},"function":{"name":"us-central1-api"},"extension":{},"message":"[runtime-status] [1752] Listening to port: \\\\?\\pipe\\fire_emu_6d8423ee1c3251cd"}}
[debug] [2023-07-19T07:32:51.246Z] [runtime-status] [1032] Functions runtime initialized. {"cwd":"C:\\Users\\DELL\\Desktop\\WebD\\amazon-clone\\functions","node_version":"18.12.1"} {"metadata":{"emulator":{"name":"functions"},"function":{"name":"us-central1-api"},"extension":{},"message":"[runtime-status] [1032] Functions runtime initialized. {\"cwd\":\"C:\\\\Users\\\\DELL\\\\Desktop\\\\WebD\\\\amazon-clone\\\\functions\",\"node_version\":\"18.12.1\"}"}}
[debug] [2023-07-19T07:32:51.246Z] [runtime-status] [1032] Listening to port: \\?\pipe\fire_emu_8f3d9c35f4bec7dc {"metadata":{"emulator":{"name":"functions"},"function":{"name":"us-central1-api"},"extension":{},"message":"[runtime-status] [1032] Listening to port: \\\\?\\pipe\\fire_emu_8f3d9c35f4bec7dc"}}
[debug] [2023-07-19T07:32:51.305Z] [worker-us-central1-api-371a4679-503e-450b-83dd-09a6e02b949d]: IDLE {"metadata":{"emulator":{"name":"functions"},"function":{"name":"us-central1-api"},"extension":{},"message":"[worker-us-central1-api-371a4679-503e-450b-83dd-09a6e02b949d]: IDLE"}}
[debug] [2023-07-19T07:32:51.305Z] [worker-pool] submitRequest(triggerId=us-central1-api) {"metadata":{"emulator":{"name":"functions"},"message":"[worker-pool] submitRequest(triggerId=us-central1-api)"}}
[info] i  functions: Beginning execution of "us-central1-api" {"metadata":{"emulator":{"name":"functions"},"function":{"name":"us-central1-api"},"extension":{},"message":"Beginning execution of \"us-central1-api\""}}
[debug] [2023-07-19T07:32:51.306Z] [worker-us-central1-api-371a4679-503e-450b-83dd-09a6e02b949d]: BUSY {"metadata":{"emulator":{"name":"functions"},"function":{"name":"us-central1-api"},"extension":{},"message":"[worker-us-central1-api-371a4679-503e-450b-83dd-09a6e02b949d]: BUSY"}}
[debug] [2023-07-19T07:32:51.309Z] [worker-us-central1-api-bfd051bd-ff95-4dd1-a010-0dda213fd25f]: IDLE {"metadata":{"emulator":{"name":"functions"},"function":{"name":"us-central1-api"},"extension":{},"message":"[worker-us-central1-api-bfd051bd-ff95-4dd1-a010-0dda213fd25f]: IDLE"}}
[debug] [2023-07-19T07:32:51.309Z] [worker-pool] submitRequest(triggerId=us-central1-api) {"metadata":{"emulator":{"name":"functions"},"message":"[worker-pool] submitRequest(triggerId=us-central1-api)"}}
[info] i  functions: Beginning execution of "us-central1-api" {"metadata":{"emulator":{"name":"functions"},"function":{"name":"us-central1-api"},"extension":{},"message":"Beginning execution of \"us-central1-api\""}}
[debug] [2023-07-19T07:32:51.310Z] [worker-us-central1-api-bfd051bd-ff95-4dd1-a010-0dda213fd25f]: BUSY {"metadata":{"emulator":{"name":"functions"},"function":{"name":"us-central1-api"},"extension":{},"message":"[worker-us-central1-api-bfd051bd-ff95-4dd1-a010-0dda213fd25f]: BUSY"}}
[info] >  Payment Request recieved 709700 {"user":"Payment Request recieved 709700","metadata":{"emulator":{"name":"functions"},"function":{"name":"us-central1-api"},"extension":{},"message":"\u001b[90m> \u001b[39m Payment Request recieved 709700"}}
[info] >  Payment Request recieved 709700 {"user":"Payment Request recieved 709700","metadata":{"emulator":{"name":"functions"},"function":{"name":"us-central1-api"},"extension":{},"message":"\u001b[90m> \u001b[39m Payment Request recieved 709700"}}
[info] i  functions: Finished "us-central1-api" in 1117.4528ms {"metadata":{"emulator":{"name":"functions"},"function":{"name":"us-central1-api"},"extension":{},"message":"Finished \"us-central1-api\" in 1117.4528ms"}}
[debug] [2023-07-19T07:32:52.428Z] [worker-us-central1-api-bfd051bd-ff95-4dd1-a010-0dda213fd25f]: IDLE {"metadata":{"emulator":{"name":"functions"},"function":{"name":"us-central1-api"},"extension":{},"message":"[worker-us-central1-api-bfd051bd-ff95-4dd1-a010-0dda213fd25f]: IDLE"}}
[debug] [2023-07-19T07:32:52.429Z] [work-queue] {"queuedWork":[],"queueLength":0,"runningWork":["/clone-5f724/us-central1/api/payments/create-2023-07-19T07:32:48.203Z"],"workRunningCount":1}
[info] i  functions: Finished "us-central1-api" in 1123.6583ms {"metadata":{"emulator":{"name":"functions"},"function":{"name":"us-central1-api"},"extension":{},"message":"Finished \"us-central1-api\" in 1123.6583ms"}}
[debug] [2023-07-19T07:32:52.431Z] [worker-us-central1-api-371a4679-503e-450b-83dd-09a6e02b949d]: IDLE {"metadata":{"emulator":{"name":"functions"},"function":{"name":"us-central1-api"},"extension":{},"message":"[worker-us-central1-api-371a4679-503e-450b-83dd-09a6e02b949d]: IDLE"}}
[debug] [2023-07-19T07:32:52.431Z] [work-queue] {"queuedWork":[],"queueLength":0,"runningWork":[],"workRunningCount":0}
[debug] [2023-07-19T09:00:40.153Z] [work-queue] {"queuedWork":["/clone-5f724/us-central1/api/payments/create-2023-07-19T09:00:40.006Z"],"queueLength":1,"runningWork":[],"workRunningCount":0}
[debug] [2023-07-19T09:00:40.366Z] [work-queue] {"queuedWork":[],"queueLength":0,"runningWork":["/clone-5f724/us-central1/api/payments/create-2023-07-19T09:00:40.006Z"],"workRunningCount":1}
[debug] [2023-07-19T09:00:40.373Z] Accepted request POST /clone-5f724/us-central1/api/payments/create?total=1899900 --> us-central1-api
[debug] [2023-07-19T09:00:41.492Z] [functions] Runtime ready! Sending request! {"metadata":{"emulator":{"name":"functions"},"message":"[functions] Runtime ready! Sending request!"}}
[debug] [2023-07-19T09:00:41.504Z] [functions] Got req.url=/clone-5f724/us-central1/api/payments/create?total=1899900, mapping to path=/payments/create?total=1899900 {"metadata":{"emulator":{"name":"functions"},"message":"[functions] Got req.url=/clone-5f724/us-central1/api/payments/create?total=1899900, mapping to path=/payments/create?total=1899900"}}
[debug] [2023-07-19T09:00:41.542Z] [worker-pool] submitRequest(triggerId=us-central1-api) {"metadata":{"emulator":{"name":"functions"},"message":"[worker-pool] submitRequest(triggerId=us-central1-api)"}}
[info] i  functions: Beginning execution of "us-central1-api" {"metadata":{"emulator":{"name":"functions"},"function":{"name":"us-central1-api"},"extension":{},"message":"Beginning execution of \"us-central1-api\""}}
[debug] [2023-07-19T09:00:41.720Z] [worker-us-central1-api-bfd051bd-ff95-4dd1-a010-0dda213fd25f]: BUSY {"metadata":{"emulator":{"name":"functions"},"function":{"name":"us-central1-api"},"extension":{},"message":"[worker-us-central1-api-bfd051bd-ff95-4dd1-a010-0dda213fd25f]: BUSY"}}
[debug] [2023-07-19T09:00:41.828Z] [work-queue] {"queuedWork":["/clone-5f724/us-central1/api/payments/create-2023-07-19T09:00:41.828Z"],"queueLength":1,"runningWork":["/clone-5f724/us-central1/api/payments/create-2023-07-19T09:00:40.006Z"],"workRunningCount":1}
[debug] [2023-07-19T09:00:41.828Z] [work-queue] {"queuedWork":[],"queueLength":0,"runningWork":["/clone-5f724/us-central1/api/payments/create-2023-07-19T09:00:40.006Z","/clone-5f724/us-central1/api/payments/create-2023-07-19T09:00:41.828Z"],"workRunningCount":2}
[debug] [2023-07-19T09:00:41.828Z] Accepted request POST /clone-5f724/us-central1/api/payments/create?total=1899900 --> us-central1-api
[debug] [2023-07-19T09:00:41.836Z] [functions] Runtime ready! Sending request! {"metadata":{"emulator":{"name":"functions"},"message":"[functions] Runtime ready! Sending request!"}}
[debug] [2023-07-19T09:00:41.836Z] [functions] Got req.url=/clone-5f724/us-central1/api/payments/create?total=1899900, mapping to path=/payments/create?total=1899900 {"metadata":{"emulator":{"name":"functions"},"message":"[functions] Got req.url=/clone-5f724/us-central1/api/payments/create?total=1899900, mapping to path=/payments/create?total=1899900"}}
[debug] [2023-07-19T09:00:41.837Z] [worker-pool] submitRequest(triggerId=us-central1-api) {"metadata":{"emulator":{"name":"functions"},"message":"[worker-pool] submitRequest(triggerId=us-central1-api)"}}
[info] i  functions: Beginning execution of "us-central1-api" {"metadata":{"emulator":{"name":"functions"},"function":{"name":"us-central1-api"},"extension":{},"message":"Beginning execution of \"us-central1-api\""}}
[debug] [2023-07-19T09:00:41.838Z] [worker-us-central1-api-371a4679-503e-450b-83dd-09a6e02b949d]: BUSY {"metadata":{"emulator":{"name":"functions"},"function":{"name":"us-central1-api"},"extension":{},"message":"[worker-us-central1-api-371a4679-503e-450b-83dd-09a6e02b949d]: BUSY"}}
[info] >  Payment Request recieved 1899900 {"user":"Payment Request recieved 1899900","metadata":{"emulator":{"name":"functions"},"function":{"name":"us-central1-api"},"extension":{},"message":"\u001b[90m> \u001b[39m Payment Request recieved 1899900"}}
[info] >  Payment Request recieved 1899900 {"user":"Payment Request recieved 1899900","metadata":{"emulator":{"name":"functions"},"function":{"name":"us-central1-api"},"extension":{},"message":"\u001b[90m> \u001b[39m Payment Request recieved 1899900"}}
[info] i  functions: Finished "us-central1-api" in 4063.1628ms {"metadata":{"emulator":{"name":"functions"},"function":{"name":"us-central1-api"},"extension":{},"message":"Finished \"us-central1-api\" in 4063.1628ms"}}
[debug] [2023-07-19T09:00:45.910Z] [worker-us-central1-api-371a4679-503e-450b-83dd-09a6e02b949d]: IDLE {"metadata":{"emulator":{"name":"functions"},"function":{"name":"us-central1-api"},"extension":{},"message":"[worker-us-central1-api-371a4679-503e-450b-83dd-09a6e02b949d]: IDLE"}}
[debug] [2023-07-19T09:00:45.910Z] [work-queue] {"queuedWork":[],"queueLength":0,"runningWork":["/clone-5f724/us-central1/api/payments/create-2023-07-19T09:00:40.006Z"],"workRunningCount":1}
[info] i  functions: Finished "us-central1-api" in 4191.5053ms {"metadata":{"emulator":{"name":"functions"},"function":{"name":"us-central1-api"},"extension":{},"message":"Finished \"us-central1-api\" in 4191.5053ms"}}
[debug] [2023-07-19T09:00:45.924Z] [worker-us-central1-api-bfd051bd-ff95-4dd1-a010-0dda213fd25f]: IDLE {"metadata":{"emulator":{"name":"functions"},"function":{"name":"us-central1-api"},"extension":{},"message":"[worker-us-central1-api-bfd051bd-ff95-4dd1-a010-0dda213fd25f]: IDLE"}}
[debug] [2023-07-19T09:00:45.925Z] [work-queue] {"queuedWork":[],"queueLength":0,"runningWork":[],"workRunningCount":0}
[debug] [2023-07-19T09:52:06.256Z] [work-queue] {"queuedWork":["/clone-5f724/us-central1/api/payments/create-2023-07-19T09:52:06.256Z"],"queueLength":1,"runningWork":[],"workRunningCount":0}
[debug] [2023-07-19T09:52:06.257Z] [work-queue] {"queuedWork":[],"queueLength":0,"runningWork":["/clone-5f724/us-central1/api/payments/create-2023-07-19T09:52:06.256Z"],"workRunningCount":1}
[debug] [2023-07-19T09:52:06.257Z] Accepted request POST /clone-5f724/us-central1/api/payments/create?total=8549000 --> us-central1-api
[debug] [2023-07-19T09:52:06.550Z] [functions] Runtime ready! Sending request! {"metadata":{"emulator":{"name":"functions"},"message":"[functions] Runtime ready! Sending request!"}}
[debug] [2023-07-19T09:52:06.550Z] [functions] Got req.url=/clone-5f724/us-central1/api/payments/create?total=8549000, mapping to path=/payments/create?total=8549000 {"metadata":{"emulator":{"name":"functions"},"message":"[functions] Got req.url=/clone-5f724/us-central1/api/payments/create?total=8549000, mapping to path=/payments/create?total=8549000"}}
[debug] [2023-07-19T09:52:06.551Z] [worker-pool] submitRequest(triggerId=us-central1-api) {"metadata":{"emulator":{"name":"functions"},"message":"[worker-pool] submitRequest(triggerId=us-central1-api)"}}
[info] i  functions: Beginning execution of "us-central1-api" {"metadata":{"emulator":{"name":"functions"},"function":{"name":"us-central1-api"},"extension":{},"message":"Beginning execution of \"us-central1-api\""}}
[debug] [2023-07-19T09:52:06.552Z] [worker-us-central1-api-bfd051bd-ff95-4dd1-a010-0dda213fd25f]: BUSY {"metadata":{"emulator":{"name":"functions"},"function":{"name":"us-central1-api"},"extension":{},"message":"[worker-us-central1-api-bfd051bd-ff95-4dd1-a010-0dda213fd25f]: BUSY"}}
[debug] [2023-07-19T09:52:06.594Z] [work-queue] {"queuedWork":["/clone-5f724/us-central1/api/payments/create-2023-07-19T09:52:06.594Z"],"queueLength":1,"runningWork":["/clone-5f724/us-central1/api/payments/create-2023-07-19T09:52:06.256Z"],"workRunningCount":1}
[debug] [2023-07-19T09:52:06.595Z] [work-queue] {"queuedWork":[],"queueLength":0,"runningWork":["/clone-5f724/us-central1/api/payments/create-2023-07-19T09:52:06.256Z","/clone-5f724/us-central1/api/payments/create-2023-07-19T09:52:06.594Z"],"workRunningCount":2}
[debug] [2023-07-19T09:52:06.646Z] Accepted request POST /clone-5f724/us-central1/api/payments/create?total=8549000 --> us-central1-api
[debug] [2023-07-19T09:52:06.654Z] [functions] Runtime ready! Sending request! {"metadata":{"emulator":{"name":"functions"},"message":"[functions] Runtime ready! Sending request!"}}
[debug] [2023-07-19T09:52:07.010Z] [functions] Got req.url=/clone-5f724/us-central1/api/payments/create?total=8549000, mapping to path=/payments/create?total=8549000 {"metadata":{"emulator":{"name":"functions"},"message":"[functions] Got req.url=/clone-5f724/us-central1/api/payments/create?total=8549000, mapping to path=/payments/create?total=8549000"}}
[debug] [2023-07-19T09:52:07.018Z] [worker-pool] submitRequest(triggerId=us-central1-api) {"metadata":{"emulator":{"name":"functions"},"message":"[worker-pool] submitRequest(triggerId=us-central1-api)"}}
[info] i  functions: Beginning execution of "us-central1-api" {"metadata":{"emulator":{"name":"functions"},"function":{"name":"us-central1-api"},"extension":{},"message":"Beginning execution of \"us-central1-api\""}}
[debug] [2023-07-19T09:52:07.019Z] [worker-us-central1-api-371a4679-503e-450b-83dd-09a6e02b949d]: BUSY {"metadata":{"emulator":{"name":"functions"},"function":{"name":"us-central1-api"},"extension":{},"message":"[worker-us-central1-api-371a4679-503e-450b-83dd-09a6e02b949d]: BUSY"}}
[info] >  Payment Request recieved 8549000 {"user":"Payment Request recieved 8549000","metadata":{"emulator":{"name":"functions"},"function":{"name":"us-central1-api"},"extension":{},"message":"\u001b[90m> \u001b[39m Payment Request recieved 8549000"}}
[info] >  Payment Request recieved 8549000 {"user":"Payment Request recieved 8549000","metadata":{"emulator":{"name":"functions"},"function":{"name":"us-central1-api"},"extension":{},"message":"\u001b[90m> \u001b[39m Payment Request recieved 8549000"}}
[info] i  functions: Finished "us-central1-api" in 1068.427ms {"metadata":{"emulator":{"name":"functions"},"function":{"name":"us-central1-api"},"extension":{},"message":"Finished \"us-central1-api\" in 1068.427ms"}}
[debug] [2023-07-19T09:52:07.621Z] [worker-us-central1-api-bfd051bd-ff95-4dd1-a010-0dda213fd25f]: IDLE {"metadata":{"emulator":{"name":"functions"},"function":{"name":"us-central1-api"},"extension":{},"message":"[worker-us-central1-api-bfd051bd-ff95-4dd1-a010-0dda213fd25f]: IDLE"}}
[debug] [2023-07-19T09:52:07.621Z] [work-queue] {"queuedWork":[],"queueLength":0,"runningWork":["/clone-5f724/us-central1/api/payments/create-2023-07-19T09:52:06.594Z"],"workRunningCount":1}
[info] i  functions: Finished "us-central1-api" in 919.6012ms {"metadata":{"emulator":{"name":"functions"},"function":{"name":"us-central1-api"},"extension":{},"message":"Finished \"us-central1-api\" in 919.6012ms"}}
[debug] [2023-07-19T09:52:07.939Z] [worker-us-central1-api-371a4679-503e-450b-83dd-09a6e02b949d]: IDLE {"metadata":{"emulator":{"name":"functions"},"function":{"name":"us-central1-api"},"extension":{},"message":"[worker-us-central1-api-371a4679-503e-450b-83dd-09a6e02b949d]: IDLE"}}
[debug] [2023-07-19T09:52:07.939Z] [work-queue] {"queuedWork":[],"queueLength":0,"runningWork":[],"workRunningCount":0}
[debug] [2023-07-19T10:04:03.232Z] [work-queue] {"queuedWork":["/clone-5f724/us-central1/api/payments/create-2023-07-19T10:04:03.232Z"],"queueLength":1,"runningWork":[],"workRunningCount":0}
[debug] [2023-07-19T10:04:03.233Z] [work-queue] {"queuedWork":[],"queueLength":0,"runningWork":["/clone-5f724/us-central1/api/payments/create-2023-07-19T10:04:03.232Z"],"workRunningCount":1}
[debug] [2023-07-19T10:04:03.233Z] Accepted request POST /clone-5f724/us-central1/api/payments/create?total=1899900 --> us-central1-api
[debug] [2023-07-19T10:04:03.239Z] [functions] Runtime ready! Sending request! {"metadata":{"emulator":{"name":"functions"},"message":"[functions] Runtime ready! Sending request!"}}
[debug] [2023-07-19T10:04:03.239Z] [functions] Got req.url=/clone-5f724/us-central1/api/payments/create?total=1899900, mapping to path=/payments/create?total=1899900 {"metadata":{"emulator":{"name":"functions"},"message":"[functions] Got req.url=/clone-5f724/us-central1/api/payments/create?total=1899900, mapping to path=/payments/create?total=1899900"}}
[debug] [2023-07-19T10:04:03.239Z] [worker-pool] submitRequest(triggerId=us-central1-api) {"metadata":{"emulator":{"name":"functions"},"message":"[worker-pool] submitRequest(triggerId=us-central1-api)"}}
[info] i  functions: Beginning execution of "us-central1-api" {"metadata":{"emulator":{"name":"functions"},"function":{"name":"us-central1-api"},"extension":{},"message":"Beginning execution of \"us-central1-api\""}}
[debug] [2023-07-19T10:04:03.240Z] [worker-us-central1-api-bfd051bd-ff95-4dd1-a010-0dda213fd25f]: BUSY {"metadata":{"emulator":{"name":"functions"},"function":{"name":"us-central1-api"},"extension":{},"message":"[worker-us-central1-api-bfd051bd-ff95-4dd1-a010-0dda213fd25f]: BUSY"}}
[debug] [2023-07-19T10:04:03.242Z] [work-queue] {"queuedWork":["/clone-5f724/us-central1/api/payments/create-2023-07-19T10:04:03.242Z"],"queueLength":1,"runningWork":["/clone-5f724/us-central1/api/payments/create-2023-07-19T10:04:03.232Z"],"workRunningCount":1}
[debug] [2023-07-19T10:04:03.243Z] [work-queue] {"queuedWork":[],"queueLength":0,"runningWork":["/clone-5f724/us-central1/api/payments/create-2023-07-19T10:04:03.232Z","/clone-5f724/us-central1/api/payments/create-2023-07-19T10:04:03.242Z"],"workRunningCount":2}
[debug] [2023-07-19T10:04:03.243Z] Accepted request POST /clone-5f724/us-central1/api/payments/create?total=1899900 --> us-central1-api
[debug] [2023-07-19T10:04:03.248Z] [functions] Runtime ready! Sending request! {"metadata":{"emulator":{"name":"functions"},"message":"[functions] Runtime ready! Sending request!"}}
[debug] [2023-07-19T10:04:03.249Z] [functions] Got req.url=/clone-5f724/us-central1/api/payments/create?total=1899900, mapping to path=/payments/create?total=1899900 {"metadata":{"emulator":{"name":"functions"},"message":"[functions] Got req.url=/clone-5f724/us-central1/api/payments/create?total=1899900, mapping to path=/payments/create?total=1899900"}}
[debug] [2023-07-19T10:04:03.249Z] [worker-pool] submitRequest(triggerId=us-central1-api) {"metadata":{"emulator":{"name":"functions"},"message":"[worker-pool] submitRequest(triggerId=us-central1-api)"}}
[info] i  functions: Beginning execution of "us-central1-api" {"metadata":{"emulator":{"name":"functions"},"function":{"name":"us-central1-api"},"extension":{},"message":"Beginning execution of \"us-central1-api\""}}
[debug] [2023-07-19T10:04:03.249Z] [worker-us-central1-api-371a4679-503e-450b-83dd-09a6e02b949d]: BUSY {"metadata":{"emulator":{"name":"functions"},"function":{"name":"us-central1-api"},"extension":{},"message":"[worker-us-central1-api-371a4679-503e-450b-83dd-09a6e02b949d]: BUSY"}}
[info] >  Payment Request recieved 1899900 {"user":"Payment Request recieved 1899900","metadata":{"emulator":{"name":"functions"},"function":{"name":"us-central1-api"},"extension":{},"message":"\u001b[90m> \u001b[39m Payment Request recieved 1899900"}}
[info] >  Payment Request recieved 1899900 {"user":"Payment Request recieved 1899900","metadata":{"emulator":{"name":"functions"},"function":{"name":"us-central1-api"},"extension":{},"message":"\u001b[90m> \u001b[39m Payment Request recieved 1899900"}}
[info] i  functions: Finished "us-central1-api" in 774.7297ms {"metadata":{"emulator":{"name":"functions"},"function":{"name":"us-central1-api"},"extension":{},"message":"Finished \"us-central1-api\" in 774.7297ms"}}
[debug] [2023-07-19T10:04:04.015Z] [worker-us-central1-api-bfd051bd-ff95-4dd1-a010-0dda213fd25f]: IDLE {"metadata":{"emulator":{"name":"functions"},"function":{"name":"us-central1-api"},"extension":{},"message":"[worker-us-central1-api-bfd051bd-ff95-4dd1-a010-0dda213fd25f]: IDLE"}}
[debug] [2023-07-19T10:04:04.016Z] [work-queue] {"queuedWork":[],"queueLength":0,"runningWork":["/clone-5f724/us-central1/api/payments/create-2023-07-19T10:04:03.242Z"],"workRunningCount":1}
[info] i  functions: Finished "us-central1-api" in 976.4388ms {"metadata":{"emulator":{"name":"functions"},"function":{"name":"us-central1-api"},"extension":{},"message":"Finished \"us-central1-api\" in 976.4388ms"}}
[debug] [2023-07-19T10:04:04.227Z] [worker-us-central1-api-371a4679-503e-450b-83dd-09a6e02b949d]: IDLE {"metadata":{"emulator":{"name":"functions"},"function":{"name":"us-central1-api"},"extension":{},"message":"[worker-us-central1-api-371a4679-503e-450b-83dd-09a6e02b949d]: IDLE"}}
[debug] [2023-07-19T10:04:04.227Z] [work-queue] {"queuedWork":[],"queueLength":0,"runningWork":[],"workRunningCount":0}
[debug] [2023-07-19T10:06:24.179Z] [work-queue] {"queuedWork":["/clone-5f724/us-central1/api/payments/create-2023-07-19T10:06:24.179Z"],"queueLength":1,"runningWork":[],"workRunningCount":0}
[debug] [2023-07-19T10:06:24.180Z] [work-queue] {"queuedWork":[],"queueLength":0,"runningWork":["/clone-5f724/us-central1/api/payments/create-2023-07-19T10:06:24.179Z"],"workRunningCount":1}
[debug] [2023-07-19T10:06:24.180Z] Accepted request POST /clone-5f724/us-central1/api/payments/create?total=3599900 --> us-central1-api
[debug] [2023-07-19T10:06:24.208Z] [functions] Runtime ready! Sending request! {"metadata":{"emulator":{"name":"functions"},"message":"[functions] Runtime ready! Sending request!"}}
[debug] [2023-07-19T10:06:24.209Z] [functions] Got req.url=/clone-5f724/us-central1/api/payments/create?total=3599900, mapping to path=/payments/create?total=3599900 {"metadata":{"emulator":{"name":"functions"},"message":"[functions] Got req.url=/clone-5f724/us-central1/api/payments/create?total=3599900, mapping to path=/payments/create?total=3599900"}}
[debug] [2023-07-19T10:06:24.209Z] [worker-pool] submitRequest(triggerId=us-central1-api) {"metadata":{"emulator":{"name":"functions"},"message":"[worker-pool] submitRequest(triggerId=us-central1-api)"}}
[info] i  functions: Beginning execution of "us-central1-api" {"metadata":{"emulator":{"name":"functions"},"function":{"name":"us-central1-api"},"extension":{},"message":"Beginning execution of \"us-central1-api\""}}
[debug] [2023-07-19T10:06:24.210Z] [worker-us-central1-api-bfd051bd-ff95-4dd1-a010-0dda213fd25f]: BUSY {"metadata":{"emulator":{"name":"functions"},"function":{"name":"us-central1-api"},"extension":{},"message":"[worker-us-central1-api-bfd051bd-ff95-4dd1-a010-0dda213fd25f]: BUSY"}}
[debug] [2023-07-19T10:06:24.215Z] [work-queue] {"queuedWork":["/clone-5f724/us-central1/api/payments/create-2023-07-19T10:06:24.215Z"],"queueLength":1,"runningWork":["/clone-5f724/us-central1/api/payments/create-2023-07-19T10:06:24.179Z"],"workRunningCount":1}
[debug] [2023-07-19T10:06:24.215Z] [work-queue] {"queuedWork":[],"queueLength":0,"runningWork":["/clone-5f724/us-central1/api/payments/create-2023-07-19T10:06:24.179Z","/clone-5f724/us-central1/api/payments/create-2023-07-19T10:06:24.215Z"],"workRunningCount":2}
[debug] [2023-07-19T10:06:24.215Z] Accepted request POST /clone-5f724/us-central1/api/payments/create?total=3599900 --> us-central1-api
[debug] [2023-07-19T10:06:24.221Z] [functions] Runtime ready! Sending request! {"metadata":{"emulator":{"name":"functions"},"message":"[functions] Runtime ready! Sending request!"}}
[debug] [2023-07-19T10:06:24.222Z] [functions] Got req.url=/clone-5f724/us-central1/api/payments/create?total=3599900, mapping to path=/payments/create?total=3599900 {"metadata":{"emulator":{"name":"functions"},"message":"[functions] Got req.url=/clone-5f724/us-central1/api/payments/create?total=3599900, mapping to path=/payments/create?total=3599900"}}
[debug] [2023-07-19T10:06:24.222Z] [worker-pool] submitRequest(triggerId=us-central1-api) {"metadata":{"emulator":{"name":"functions"},"message":"[worker-pool] submitRequest(triggerId=us-central1-api)"}}
[info] i  functions: Beginning execution of "us-central1-api" {"metadata":{"emulator":{"name":"functions"},"function":{"name":"us-central1-api"},"extension":{},"message":"Beginning execution of \"us-central1-api\""}}
[debug] [2023-07-19T10:06:24.245Z] [worker-us-central1-api-371a4679-503e-450b-83dd-09a6e02b949d]: BUSY {"metadata":{"emulator":{"name":"functions"},"function":{"name":"us-central1-api"},"extension":{},"message":"[worker-us-central1-api-371a4679-503e-450b-83dd-09a6e02b949d]: BUSY"}}
[info] >  Payment Request recieved 3599900 {"user":"Payment Request recieved 3599900","metadata":{"emulator":{"name":"functions"},"function":{"name":"us-central1-api"},"extension":{},"message":"\u001b[90m> \u001b[39m Payment Request recieved 3599900"}}
[info] >  Payment Request recieved 3599900 {"user":"Payment Request recieved 3599900","metadata":{"emulator":{"name":"functions"},"function":{"name":"us-central1-api"},"extension":{},"message":"\u001b[90m> \u001b[39m Payment Request recieved 3599900"}}
[info] i  functions: Finished "us-central1-api" in 693.4631ms {"metadata":{"emulator":{"name":"functions"},"function":{"name":"us-central1-api"},"extension":{},"message":"Finished \"us-central1-api\" in 693.4631ms"}}
[debug] [2023-07-19T10:06:24.904Z] [worker-us-central1-api-bfd051bd-ff95-4dd1-a010-0dda213fd25f]: IDLE {"metadata":{"emulator":{"name":"functions"},"function":{"name":"us-central1-api"},"extension":{},"message":"[worker-us-central1-api-bfd051bd-ff95-4dd1-a010-0dda213fd25f]: IDLE"}}
[debug] [2023-07-19T10:06:24.904Z] [work-queue] {"queuedWork":[],"queueLength":0,"runningWork":["/clone-5f724/us-central1/api/payments/create-2023-07-19T10:06:24.215Z"],"workRunningCount":1}
[info] i  functions: Finished "us-central1-api" in 735.9983ms {"metadata":{"emulator":{"name":"functions"},"function":{"name":"us-central1-api"},"extension":{},"message":"Finished \"us-central1-api\" in 735.9983ms"}}
[debug] [2023-07-19T10:06:24.982Z] [worker-us-central1-api-371a4679-503e-450b-83dd-09a6e02b949d]: IDLE {"metadata":{"emulator":{"name":"functions"},"function":{"name":"us-central1-api"},"extension":{},"message":"[worker-us-central1-api-371a4679-503e-450b-83dd-09a6e02b949d]: IDLE"}}
[debug] [2023-07-19T10:06:24.982Z] [work-queue] {"queuedWork":[],"queueLength":0,"runningWork":[],"workRunningCount":0}
[debug] [2023-07-19T10:13:27.243Z] [work-queue] {"queuedWork":["/clone-5f724/us-central1/api/payments/create-2023-07-19T10:13:27.242Z"],"queueLength":1,"runningWork":[],"workRunningCount":0}
[debug] [2023-07-19T10:13:27.243Z] [work-queue] {"queuedWork":[],"queueLength":0,"runningWork":["/clone-5f724/us-central1/api/payments/create-2023-07-19T10:13:27.242Z"],"workRunningCount":1}
[debug] [2023-07-19T10:13:27.243Z] Accepted request POST /clone-5f724/us-central1/api/payments/create?total=109900 --> us-central1-api
[debug] [2023-07-19T10:13:27.270Z] [functions] Runtime ready! Sending request! {"metadata":{"emulator":{"name":"functions"},"message":"[functions] Runtime ready! Sending request!"}}
[debug] [2023-07-19T10:13:27.270Z] [functions] Got req.url=/clone-5f724/us-central1/api/payments/create?total=109900, mapping to path=/payments/create?total=109900 {"metadata":{"emulator":{"name":"functions"},"message":"[functions] Got req.url=/clone-5f724/us-central1/api/payments/create?total=109900, mapping to path=/payments/create?total=109900"}}
[debug] [2023-07-19T10:13:27.270Z] [worker-pool] submitRequest(triggerId=us-central1-api) {"metadata":{"emulator":{"name":"functions"},"message":"[worker-pool] submitRequest(triggerId=us-central1-api)"}}
[info] i  functions: Beginning execution of "us-central1-api" {"metadata":{"emulator":{"name":"functions"},"function":{"name":"us-central1-api"},"extension":{},"message":"Beginning execution of \"us-central1-api\""}}
[debug] [2023-07-19T10:13:27.271Z] [worker-us-central1-api-bfd051bd-ff95-4dd1-a010-0dda213fd25f]: BUSY {"metadata":{"emulator":{"name":"functions"},"function":{"name":"us-central1-api"},"extension":{},"message":"[worker-us-central1-api-bfd051bd-ff95-4dd1-a010-0dda213fd25f]: BUSY"}}
[debug] [2023-07-19T10:13:27.274Z] [work-queue] {"queuedWork":["/clone-5f724/us-central1/api/payments/create-2023-07-19T10:13:27.274Z"],"queueLength":1,"runningWork":["/clone-5f724/us-central1/api/payments/create-2023-07-19T10:13:27.242Z"],"workRunningCount":1}
[debug] [2023-07-19T10:13:27.296Z] [work-queue] {"queuedWork":[],"queueLength":0,"runningWork":["/clone-5f724/us-central1/api/payments/create-2023-07-19T10:13:27.242Z","/clone-5f724/us-central1/api/payments/create-2023-07-19T10:13:27.274Z"],"workRunningCount":2}
[debug] [2023-07-19T10:13:27.296Z] Accepted request POST /clone-5f724/us-central1/api/payments/create?total=109900 --> us-central1-api
[debug] [2023-07-19T10:13:27.332Z] [functions] Runtime ready! Sending request! {"metadata":{"emulator":{"name":"functions"},"message":"[functions] Runtime ready! Sending request!"}}
[debug] [2023-07-19T10:13:27.352Z] [functions] Got req.url=/clone-5f724/us-central1/api/payments/create?total=109900, mapping to path=/payments/create?total=109900 {"metadata":{"emulator":{"name":"functions"},"message":"[functions] Got req.url=/clone-5f724/us-central1/api/payments/create?total=109900, mapping to path=/payments/create?total=109900"}}
[debug] [2023-07-19T10:13:27.352Z] [worker-pool] submitRequest(triggerId=us-central1-api) {"metadata":{"emulator":{"name":"functions"},"message":"[worker-pool] submitRequest(triggerId=us-central1-api)"}}
[info] i  functions: Beginning execution of "us-central1-api" {"metadata":{"emulator":{"name":"functions"},"function":{"name":"us-central1-api"},"extension":{},"message":"Beginning execution of \"us-central1-api\""}}
[debug] [2023-07-19T10:13:27.353Z] [worker-us-central1-api-371a4679-503e-450b-83dd-09a6e02b949d]: BUSY {"metadata":{"emulator":{"name":"functions"},"function":{"name":"us-central1-api"},"extension":{},"message":"[worker-us-central1-api-371a4679-503e-450b-83dd-09a6e02b949d]: BUSY"}}
[info] >  Payment Request recieved 109900 {"user":"Payment Request recieved 109900","metadata":{"emulator":{"name":"functions"},"function":{"name":"us-central1-api"},"extension":{},"message":"\u001b[90m> \u001b[39m Payment Request recieved 109900"}}
[info] >  Payment Request recieved 109900 {"user":"Payment Request recieved 109900","metadata":{"emulator":{"name":"functions"},"function":{"name":"us-central1-api"},"extension":{},"message":"\u001b[90m> \u001b[39m Payment Request recieved 109900"}}
[info] i  functions: Finished "us-central1-api" in 801.5944ms {"metadata":{"emulator":{"name":"functions"},"function":{"name":"us-central1-api"},"extension":{},"message":"Finished \"us-central1-api\" in 801.5944ms"}}
[debug] [2023-07-19T10:13:28.186Z] [worker-us-central1-api-371a4679-503e-450b-83dd-09a6e02b949d]: IDLE {"metadata":{"emulator":{"name":"functions"},"function":{"name":"us-central1-api"},"extension":{},"message":"[worker-us-central1-api-371a4679-503e-450b-83dd-09a6e02b949d]: IDLE"}}
[debug] [2023-07-19T10:13:28.186Z] [work-queue] {"queuedWork":[],"queueLength":0,"runningWork":["/clone-5f724/us-central1/api/payments/create-2023-07-19T10:13:27.242Z"],"workRunningCount":1}
[info] i  functions: Finished "us-central1-api" in 928.3722ms {"metadata":{"emulator":{"name":"functions"},"function":{"name":"us-central1-api"},"extension":{},"message":"Finished \"us-central1-api\" in 928.3722ms"}}
[debug] [2023-07-19T10:13:28.200Z] [worker-us-central1-api-bfd051bd-ff95-4dd1-a010-0dda213fd25f]: IDLE {"metadata":{"emulator":{"name":"functions"},"function":{"name":"us-central1-api"},"extension":{},"message":"[worker-us-central1-api-bfd051bd-ff95-4dd1-a010-0dda213fd25f]: IDLE"}}
[debug] [2023-07-19T10:13:28.200Z] [work-queue] {"queuedWork":[],"queueLength":0,"runningWork":[],"workRunningCount":0}
[debug] [2023-07-19T10:23:43.594Z] [work-queue] {"queuedWork":["/clone-5f724/us-central1/api/payments/create-2023-07-19T10:23:43.593Z"],"queueLength":1,"runningWork":[],"workRunningCount":0}
[debug] [2023-07-19T10:23:43.594Z] [work-queue] {"queuedWork":[],"queueLength":0,"runningWork":["/clone-5f724/us-central1/api/payments/create-2023-07-19T10:23:43.593Z"],"workRunningCount":1}
[debug] [2023-07-19T10:23:43.594Z] Accepted request POST /clone-5f724/us-central1/api/payments/create?total=8549000 --> us-central1-api
[debug] [2023-07-19T10:23:43.737Z] [functions] Runtime ready! Sending request! {"metadata":{"emulator":{"name":"functions"},"message":"[functions] Runtime ready! Sending request!"}}
[debug] [2023-07-19T10:23:43.738Z] [functions] Got req.url=/clone-5f724/us-central1/api/payments/create?total=8549000, mapping to path=/payments/create?total=8549000 {"metadata":{"emulator":{"name":"functions"},"message":"[functions] Got req.url=/clone-5f724/us-central1/api/payments/create?total=8549000, mapping to path=/payments/create?total=8549000"}}
[debug] [2023-07-19T10:23:43.738Z] [worker-pool] submitRequest(triggerId=us-central1-api) {"metadata":{"emulator":{"name":"functions"},"message":"[worker-pool] submitRequest(triggerId=us-central1-api)"}}
[info] i  functions: Beginning execution of "us-central1-api" {"metadata":{"emulator":{"name":"functions"},"function":{"name":"us-central1-api"},"extension":{},"message":"Beginning execution of \"us-central1-api\""}}
[debug] [2023-07-19T10:23:43.738Z] [worker-us-central1-api-bfd051bd-ff95-4dd1-a010-0dda213fd25f]: BUSY {"metadata":{"emulator":{"name":"functions"},"function":{"name":"us-central1-api"},"extension":{},"message":"[worker-us-central1-api-bfd051bd-ff95-4dd1-a010-0dda213fd25f]: BUSY"}}
[debug] [2023-07-19T10:23:43.741Z] [work-queue] {"queuedWork":["/clone-5f724/us-central1/api/payments/create-2023-07-19T10:23:43.741Z"],"queueLength":1,"runningWork":["/clone-5f724/us-central1/api/payments/create-2023-07-19T10:23:43.593Z"],"workRunningCount":1}
[debug] [2023-07-19T10:23:43.741Z] [work-queue] {"queuedWork":[],"queueLength":0,"runningWork":["/clone-5f724/us-central1/api/payments/create-2023-07-19T10:23:43.593Z","/clone-5f724/us-central1/api/payments/create-2023-07-19T10:23:43.741Z"],"workRunningCount":2}
[debug] [2023-07-19T10:23:43.741Z] Accepted request POST /clone-5f724/us-central1/api/payments/create?total=8549000 --> us-central1-api
[debug] [2023-07-19T10:23:43.748Z] [functions] Runtime ready! Sending request! {"metadata":{"emulator":{"name":"functions"},"message":"[functions] Runtime ready! Sending request!"}}
[debug] [2023-07-19T10:23:43.749Z] [functions] Got req.url=/clone-5f724/us-central1/api/payments/create?total=8549000, mapping to path=/payments/create?total=8549000 {"metadata":{"emulator":{"name":"functions"},"message":"[functions] Got req.url=/clone-5f724/us-central1/api/payments/create?total=8549000, mapping to path=/payments/create?total=8549000"}}
[debug] [2023-07-19T10:23:43.749Z] [worker-pool] submitRequest(triggerId=us-central1-api) {"metadata":{"emulator":{"name":"functions"},"message":"[worker-pool] submitRequest(triggerId=us-central1-api)"}}
[info] i  functions: Beginning execution of "us-central1-api" {"metadata":{"emulator":{"name":"functions"},"function":{"name":"us-central1-api"},"extension":{},"message":"Beginning execution of \"us-central1-api\""}}
[debug] [2023-07-19T10:23:43.750Z] [worker-us-central1-api-371a4679-503e-450b-83dd-09a6e02b949d]: BUSY {"metadata":{"emulator":{"name":"functions"},"function":{"name":"us-central1-api"},"extension":{},"message":"[worker-us-central1-api-371a4679-503e-450b-83dd-09a6e02b949d]: BUSY"}}
[info] >  Payment Request recieved 8549000 {"user":"Payment Request recieved 8549000","metadata":{"emulator":{"name":"functions"},"function":{"name":"us-central1-api"},"extension":{},"message":"\u001b[90m> \u001b[39m Payment Request recieved 8549000"}}
[info] >  Payment Request recieved 8549000 {"user":"Payment Request recieved 8549000","metadata":{"emulator":{"name":"functions"},"function":{"name":"us-central1-api"},"extension":{},"message":"\u001b[90m> \u001b[39m Payment Request recieved 8549000"}}
[info] i  functions: Finished "us-central1-api" in 810.8862ms {"metadata":{"emulator":{"name":"functions"},"function":{"name":"us-central1-api"},"extension":{},"message":"Finished \"us-central1-api\" in 810.8862ms"}}
[debug] [2023-07-19T10:23:44.550Z] [worker-us-central1-api-bfd051bd-ff95-4dd1-a010-0dda213fd25f]: IDLE {"metadata":{"emulator":{"name":"functions"},"function":{"name":"us-central1-api"},"extension":{},"message":"[worker-us-central1-api-bfd051bd-ff95-4dd1-a010-0dda213fd25f]: IDLE"}}
[debug] [2023-07-19T10:23:44.550Z] [work-queue] {"queuedWork":[],"queueLength":0,"runningWork":["/clone-5f724/us-central1/api/payments/create-2023-07-19T10:23:43.741Z"],"workRunningCount":1}
[info] i  functions: Finished "us-central1-api" in 1180.4789ms {"metadata":{"emulator":{"name":"functions"},"function":{"name":"us-central1-api"},"extension":{},"message":"Finished \"us-central1-api\" in 1180.4789ms"}}
[debug] [2023-07-19T10:23:44.931Z] [worker-us-central1-api-371a4679-503e-450b-83dd-09a6e02b949d]: IDLE {"metadata":{"emulator":{"name":"functions"},"function":{"name":"us-central1-api"},"extension":{},"message":"[worker-us-central1-api-371a4679-503e-450b-83dd-09a6e02b949d]: IDLE"}}
[debug] [2023-07-19T10:23:44.931Z] [work-queue] {"queuedWork":[],"queueLength":0,"runningWork":[],"workRunningCount":0}
